<?xml version="1.0" encoding="UTF-8"?>
<testng-results skipped="0" failed="0" total="6" passed="6">
  <reporter-output>
  </reporter-output>
  <suite name="Suite" duration-ms="99674" started-at="2020-02-07T16:18:46Z" finished-at="2020-02-07T16:20:25Z">
    <groups>
    </groups>
    <test name="TestChrome" duration-ms="90662" started-at="2020-02-07T16:18:46Z" finished-at="2020-02-07T16:20:16Z">
      <class name="com.hellofresh.challenge.WebTest">
        <test-method status="PASS" signature="setup(java.lang.String)[pri:0, instance:com.hellofresh.challenge.WebTest@cb5822]" name="setup" is-config="true" duration-ms="14386" started-at="2020-02-07T21:48:46Z" finished-at="2020-02-07T21:49:00Z">
          <params>
            <param index="0">
              <value>
                <![CDATA[Chrome]]>
              </value>
            </param>
          </params>
          <reporter-output>
          </reporter-output>
        </test-method> <!-- setup -->
        <test-method status="PASS" signature="signInTest()[pri:1, instance:com.hellofresh.challenge.WebTest@cb5822]" name="signInTest" duration-ms="11305" started-at="2020-02-07T21:49:00Z" finished-at="2020-02-07T21:49:11Z">
          <reporter-output>
          </reporter-output>
        </test-method> <!-- signInTest -->
        <test-method status="PASS" signature="tearDown(org.testng.ITestResult)[pri:0, instance:com.hellofresh.challenge.WebTest@cb5822]" name="tearDown" is-config="true" duration-ms="283" started-at="2020-02-07T21:49:11Z" finished-at="2020-02-07T21:49:12Z">
          <params>
            <param index="0">
              <value>
                <![CDATA[[TestResult name=signInTest status=SUCCESS method=WebTest.signInTest()[pri:1, instance:com.hellofresh.challenge.WebTest@cb5822] output={null}]]]>
              </value>
            </param>
          </params>
          <reporter-output>
          </reporter-output>
        </test-method> <!-- tearDown -->
        <test-method status="PASS" signature="setup(java.lang.String)[pri:0, instance:com.hellofresh.challenge.WebTest@cb5822]" name="setup" is-config="true" duration-ms="16739" started-at="2020-02-07T21:49:12Z" finished-at="2020-02-07T21:49:28Z">
          <params>
            <param index="0">
              <value>
                <![CDATA[Chrome]]>
              </value>
            </param>
          </params>
          <reporter-output>
          </reporter-output>
        </test-method> <!-- setup -->
        <test-method status="PASS" signature="logInTest()[pri:2, instance:com.hellofresh.challenge.WebTest@cb5822]" name="logInTest" duration-ms="5541" started-at="2020-02-07T21:49:28Z" finished-at="2020-02-07T21:49:34Z">
          <reporter-output>
          </reporter-output>
        </test-method> <!-- logInTest -->
        <test-method status="PASS" signature="tearDown(org.testng.ITestResult)[pri:0, instance:com.hellofresh.challenge.WebTest@cb5822]" name="tearDown" is-config="true" duration-ms="224" started-at="2020-02-07T21:49:34Z" finished-at="2020-02-07T21:49:34Z">
          <params>
            <param index="0">
              <value>
                <![CDATA[[TestResult name=logInTest status=SUCCESS method=WebTest.logInTest()[pri:2, instance:com.hellofresh.challenge.WebTest@cb5822] output={null}]]]>
              </value>
            </param>
          </params>
          <reporter-output>
          </reporter-output>
        </test-method> <!-- tearDown -->
        <test-method status="PASS" signature="setup(java.lang.String)[pri:0, instance:com.hellofresh.challenge.WebTest@cb5822]" name="setup" is-config="true" duration-ms="12249" started-at="2020-02-07T21:49:34Z" finished-at="2020-02-07T21:49:46Z">
          <params>
            <param index="0">
              <value>
                <![CDATA[Chrome]]>
              </value>
            </param>
          </params>
          <reporter-output>
          </reporter-output>
        </test-method> <!-- setup -->
        <test-method status="PASS" signature="checkoutTest(java.lang.String, java.lang.String)[pri:3, instance:com.hellofresh.challenge.WebTest@cb5822]" name="checkoutTest" duration-ms="29615" started-at="2020-02-07T21:49:46Z" data-provider="orderCheckout" finished-at="2020-02-07T21:50:16Z">
          <params>
            <param index="0">
              <value>
                <![CDATA[ORDER_CHECKOUT_DRESSNAME]]>
              </value>
            </param>
            <param index="1">
              <value>
                <![CDATA[Faded Short Sleeve T-shirts]]>
              </value>
            </param>
          </params>
          <reporter-output>
          </reporter-output>
        </test-method> <!-- checkoutTest -->
        <test-method status="PASS" signature="tearDown(org.testng.ITestResult)[pri:0, instance:com.hellofresh.challenge.WebTest@cb5822]" name="tearDown" is-config="true" duration-ms="282" started-at="2020-02-07T21:50:16Z" finished-at="2020-02-07T21:50:16Z">
          <params>
            <param index="0">
              <value>
                <![CDATA[[TestResult name=checkoutTest status=SUCCESS method=WebTest.checkoutTest(java.lang.String, java.lang.String)[pri:3, instance:com.hellofresh.challenge.WebTest@cb5822] output={null}]]]>
              </value>
            </param>
          </params>
          <reporter-output>
          </reporter-output>
        </test-method> <!-- tearDown -->
      </class> <!-- com.hellofresh.challenge.WebTest -->
    </test> <!-- TestChrome -->
    <test name="TestFirefox" duration-ms="99674" started-at="2020-02-07T16:18:46Z" finished-at="2020-02-07T16:20:25Z">
      <class name="com.hellofresh.challenge.WebTest">
        <test-method status="PASS" signature="setup(java.lang.String)[pri:0, instance:com.hellofresh.challenge.WebTest@1e88b3c]" name="setup" is-config="true" duration-ms="18389" started-at="2020-02-07T21:48:46Z" finished-at="2020-02-07T21:49:04Z">
          <params>
            <param index="0">
              <value>
                <![CDATA[Firefox]]>
              </value>
            </param>
          </params>
          <reporter-output>
          </reporter-output>
        </test-method> <!-- setup -->
        <test-method status="PASS" signature="signInTest()[pri:1, instance:com.hellofresh.challenge.WebTest@1e88b3c]" name="signInTest" duration-ms="10388" started-at="2020-02-07T21:49:04Z" finished-at="2020-02-07T21:49:14Z">
          <reporter-output>
          </reporter-output>
        </test-method> <!-- signInTest -->
        <test-method status="PASS" signature="tearDown(org.testng.ITestResult)[pri:0, instance:com.hellofresh.challenge.WebTest@1e88b3c]" name="tearDown" is-config="true" duration-ms="2021" started-at="2020-02-07T21:49:14Z" finished-at="2020-02-07T21:49:16Z">
          <params>
            <param index="0">
              <value>
                <![CDATA[[TestResult name=signInTest status=SUCCESS method=WebTest.signInTest()[pri:1, instance:com.hellofresh.challenge.WebTest@1e88b3c] output={null}]]]>
              </value>
            </param>
          </params>
          <reporter-output>
          </reporter-output>
        </test-method> <!-- tearDown -->
        <test-method status="PASS" signature="setup(java.lang.String)[pri:0, instance:com.hellofresh.challenge.WebTest@1e88b3c]" name="setup" is-config="true" duration-ms="17339" started-at="2020-02-07T21:49:16Z" finished-at="2020-02-07T21:49:34Z">
          <params>
            <param index="0">
              <value>
                <![CDATA[Firefox]]>
              </value>
            </param>
          </params>
          <reporter-output>
          </reporter-output>
        </test-method> <!-- setup -->
        <test-method status="PASS" signature="logInTest()[pri:2, instance:com.hellofresh.challenge.WebTest@1e88b3c]" name="logInTest" duration-ms="5191" started-at="2020-02-07T21:49:34Z" finished-at="2020-02-07T21:49:39Z">
          <reporter-output>
          </reporter-output>
        </test-method> <!-- logInTest -->
        <test-method status="PASS" signature="tearDown(org.testng.ITestResult)[pri:0, instance:com.hellofresh.challenge.WebTest@1e88b3c]" name="tearDown" is-config="true" duration-ms="1938" started-at="2020-02-07T21:49:39Z" finished-at="2020-02-07T21:49:41Z">
          <params>
            <param index="0">
              <value>
                <![CDATA[[TestResult name=logInTest status=SUCCESS method=WebTest.logInTest()[pri:2, instance:com.hellofresh.challenge.WebTest@1e88b3c] output={null}]]]>
              </value>
            </param>
          </params>
          <reporter-output>
          </reporter-output>
        </test-method> <!-- tearDown -->
        <test-method status="PASS" signature="setup(java.lang.String)[pri:0, instance:com.hellofresh.challenge.WebTest@1e88b3c]" name="setup" is-config="true" duration-ms="14255" started-at="2020-02-07T21:49:41Z" finished-at="2020-02-07T21:49:55Z">
          <params>
            <param index="0">
              <value>
                <![CDATA[Firefox]]>
              </value>
            </param>
          </params>
          <reporter-output>
          </reporter-output>
        </test-method> <!-- setup -->
        <test-method status="PASS" signature="checkoutTest(java.lang.String, java.lang.String)[pri:3, instance:com.hellofresh.challenge.WebTest@1e88b3c]" name="checkoutTest" duration-ms="29176" started-at="2020-02-07T21:49:55Z" data-provider="orderCheckout" finished-at="2020-02-07T21:50:24Z">
          <params>
            <param index="0">
              <value>
                <![CDATA[ORDER_CHECKOUT_DRESSNAME]]>
              </value>
            </param>
            <param index="1">
              <value>
                <![CDATA[Faded Short Sleeve T-shirts]]>
              </value>
            </param>
          </params>
          <reporter-output>
          </reporter-output>
        </test-method> <!-- checkoutTest -->
        <test-method status="PASS" signature="tearDown(org.testng.ITestResult)[pri:0, instance:com.hellofresh.challenge.WebTest@1e88b3c]" name="tearDown" is-config="true" duration-ms="952" started-at="2020-02-07T21:50:24Z" finished-at="2020-02-07T21:50:25Z">
          <params>
            <param index="0">
              <value>
                <![CDATA[[TestResult name=checkoutTest status=SUCCESS method=WebTest.checkoutTest(java.lang.String, java.lang.String)[pri:3, instance:com.hellofresh.challenge.WebTest@1e88b3c] output={null}]]]>
              </value>
            </param>
          </params>
          <reporter-output>
          </reporter-output>
        </test-method> <!-- tearDown -->
      </class> <!-- com.hellofresh.challenge.WebTest -->
    </test> <!-- TestFirefox -->
  </suite> <!-- Suite -->
</testng-results>
