<?xml version="1.0" encoding="UTF-8"?>
<!-- Generated by org.testng.reporters.JUnitXMLReporter -->
<testsuite hostname="gaggarwal-ltm" name="TestChrome" tests="3" failures="0" timestamp="7 Feb 2020 16:20:17 GMT" time="90.662" errors="0">
  <testcase name="signInTest" time="11.305" classname="com.hellofresh.challenge.WebTest"/>
  <testcase name="logInTest" time="5.541" classname="com.hellofresh.challenge.WebTest"/>
  <testcase name="checkoutTest" time="29.615" classname="com.hellofresh.challenge.WebTest"/>
</testsuite> <!-- TestChrome -->
