<?xml version="1.0" encoding="UTF-8"?>
<!-- Generated by org.testng.reporters.JUnitXMLReporter -->
<testsuite hostname="gaggarwal-ltm" name="TestFirefox" tests="3" failures="0" timestamp="7 Feb 2020 16:20:25 GMT" time="99.674" errors="0">
  <testcase name="signInTest" time="10.388" classname="com.hellofresh.challenge.WebTest"/>
  <testcase name="logInTest" time="5.191" classname="com.hellofresh.challenge.WebTest"/>
  <testcase name="checkoutTest" time="29.176" classname="com.hellofresh.challenge.WebTest"/>
</testsuite> <!-- TestFirefox -->
